C51 COMPILER V8.01   MAIN                                                                  04/16/2011 20:04:48 PAGE 1   


C51 COMPILER V8.01, COMPILATION OF MODULE MAIN
OBJECT MODULE PLACED IN main.OBJ
COMPILER INVOKED BY: D:\TOOLS\Keil_8\C51\BIN\C51.EXE main.c BROWSE DEBUG OBJECTEXTEND

line level    source

   1          
   2          
   3          #include "config.h"
*** WARNING C318 IN LINE 17 OF config.h: can't open file 'lib_mcu/compiler.h'
*** WARNING C318 IN LINE 18 OF config.h: can't open file 'lib_mcu/mcu.h'
*** WARNING C318 IN LINE 19 OF config.h: can't open file 'lib_mcu/mcu_drv.h'
*** WARNING C318 IN LINE 20 OF config.h: can't open file 'lib_mcu/can/can_lib.h'
*** WARNING C318 IN LINE 22 OF config.h: can't open file 'lib_mcu/I2C/I2C_Bus.h'
   4          
   5          #include "REG51.H"
   6          #include "stdio.h"
   7          #include "main.h"
*** WARNING C318 IN LINE 7 OF main.c: can't open file 'main.h'
   8          #include "Monitor.h"
*** ERROR C129 IN LINE 13 OF MONITOR.H: missing ';' before 'Asc1Bin'
   9          
  10          
  11          
  12          /**
  13           * @brief This function initialize UART @4800 baud for 12MHz XTAL.
  14           *
  15           *
  16           * @warning 12MHz XTAL required
  17           *
  18           * @param void
  19           *
  20           * @return void
  21           *
  22           */
  23          void io_init(void)
  24          {
  25            SCON = 0x50;                          // Set to enable serial reception. 8-bit UART Variable
  26            TMOD = TMOD | 0x20 ;      // Timer 1 Mode 2: 8-bit auto-reload Timer/Counter (TL1).(1)Reloaded from TH1 
             -at overflow.
  27            TH1 = 0xF3;               // 4800 bauds at 12 MHZ
  28            TL1 = 0xF3; 
  29            PCON = PCON | 0X80;           // Set to select double baud rate in mode 1, 2 or 3.
  30            TCON |= 0x40;                 // Set to turn on Timer/Counter 1.    
  31            TI=1;                                         // Set by hardware at the end of the 8th bit time in mode 0 or at the beginning of the 
  32                                                                  // stop bit in the other modes.
  33          }
  34          
  35          
  36          void main (void)
  37          {
  38          
  39            io_init();                            // Initialize UART
  40          
  41            printf("\n ATMEL AT89C51CC0x");                       // Welcome message 
  42            printf("\n   CAN Monitor \n\n");
  43          
  44            EA=1;                 // Enable interrupts
  45          
  46          
  47            while (1)
C51 COMPILER V8.01   MAIN                                                                  04/16/2011 20:04:48 PAGE 2   

  48                  {
  49              TestSignal = ~TestSignal;                                   //Generate test Signal.     
  50          
  51                  #ifdef DBG_monitor
  52                  while( RS_ready() ) 
  53                          Monitor();                              // for new monitor functions
  54                  #endif  // end DBG_monitor
  55                  }
  56          }
  57          
  58          

C51 COMPILATION COMPLETE.  6 WARNING(S),  1 ERROR(S)
