C51 COMPILER V8.01   TEXT2                                                                 04/16/2011 13:49:43 PAGE 1   


C51 COMPILER V8.01, COMPILATION OF MODULE TEXT2
OBJECT MODULE PLACED IN Text2.OBJ
COMPILER INVOKED BY: D:\TOOLS\Keil_8\C51\BIN\C51.EXE Text2.c BROWSE DEBUG OBJECTEXTEND

line level    source

   1          #include "REG51.H"
   2          #define a 4
   3          #define out P2
   4          
   5          int       x = 5;
   6          
   7          main()
   8          {
   9   1      x=a*2;
  10   1      out=x;
  11   1      }


MODULE INFORMATION:   STATIC OVERLAYABLE
   CODE SIZE        =     10    ----
   CONSTANT SIZE    =   ----    ----
   XDATA SIZE       =   ----    ----
   PDATA SIZE       =   ----    ----
   DATA SIZE        =      2    ----
   IDATA SIZE       =   ----    ----
   BIT SIZE         =   ----    ----
END OF MODULE INFORMATION.


C51 COMPILATION COMPLETE.  0 WARNING(S),  0 ERROR(S)
