C51 COMPILER V8.08   DELAY                                                                 09/05/2008 09:25:07 PAGE 1   


C51 COMPILER V8.08, COMPILATION OF MODULE DELAY
OBJECT MODULE PLACED IN Delay.OBJ
COMPILER INVOKED BY: C:\Keil\C51\BIN\C51.EXE Delay.c OPTIMIZE(4,SPEED) BROWSE DEBUG OBJECTEXTEND

line level    source

   1          //#include "MAIN.h"
   2          
   3          
   4          /*****************************/
   5          void DelayX1ms(unsigned int count)      //crystal=12Mhz
   6          {
   7   1          unsigned int i,j;                   //variable:declare Word 
   8   1           
   9   1          for(i=0; i<count; i++)
  10   1             for(j=0; j<120; j++)
  11   1                ;
  12   1      }
  13          
  14          void DelayX1ms1(unsigned int count)
  15          {
  16   1          unsigned int j;
  17   1           
  18   1          while (count-- != 0)
  19   1             for(j=0; j<72; j++)
  20   1                ;
  21   1      }
  22          
  23          void DelayX1ms2(unsigned char count)
  24          {
  25   1          unsigned char i,j,k;                        //declare Byte,assembly different
  26   1           
  27   1          for(i=0; i<count; i++)
  28   1             for(j=0; j<40; j++)
  29   1                 for(k=0; k<120; k++)
  30   1                    ;
  31   1      }
  32          
  33          
  34          void DelayX10ms(unsigned int count)
  35          {
  36   1          unsigned int j,k;  
  37   1           
  38   1          while (count-- != 0)
  39   1             for(j=0; j<10; j++)
  40   1                for(k=0; k<72; k++)
  41   1                   ;
  42   1      }
  43          


MODULE INFORMATION:   STATIC OVERLAYABLE
   CODE SIZE        =    149    ----
   CONSTANT SIZE    =   ----    ----
   XDATA SIZE       =   ----    ----
   PDATA SIZE       =   ----    ----
   DATA SIZE        =   ----    ----
   IDATA SIZE       =   ----    ----
   BIT SIZE         =   ----    ----
END OF MODULE INFORMATION.


C51 COMPILATION COMPLETE.  0 WARNING(S),  0 ERROR(S)
